[ 2015-05-05T01:09:58+08:00 ] 140.207.54.74 /index.php/weichat/command/gh_dd8c103f67bd?signature=b5bb14d66c62668e539e9ed2cc1ba1c2e1e75c50&timestamp=1430759397&nonce=1478528828
ERR: 1146:Table 'buguniao.wifi_authlist_model' doesn't exist
 [ SQL语句 ] : SHOW COLUMNS FROM `wifi_authlist_model`
ERR: 1064:You have an error in your SQL syntax; check the manual that corresponds to your MySQL server version for the right syntax to use near '' at line 1
 [ SQL语句 ] : DELETE FROM wifi_authlist WHERE uid =
ERR: 1064:You have an error in your SQL syntax; check the manual that corresponds to your MySQL server version for the right syntax to use near '' at line 1
 [ SQL语句 ] : DELETE FROM wifi_member WHERE id =

[ 2015-05-05T11:16:18+08:00 ] 140.207.54.75 /index.php/weichat/command/gh_dd8c103f67bd?signature=372f59905aae30efcec3c8bdc18de21e031928cb&timestamp=1430795777&nonce=1279961509
ERR: 1146:Table 'buguniao.wifi_authlist_model' doesn't exist
 [ SQL语句 ] : SHOW COLUMNS FROM `wifi_authlist_model`
ERR: 1064:You have an error in your SQL syntax; check the manual that corresponds to your MySQL server version for the right syntax to use near '' at line 1
 [ SQL语句 ] : DELETE FROM wifi_authlist WHERE uid =
ERR: 1064:You have an error in your SQL syntax; check the manual that corresponds to your MySQL server version for the right syntax to use near '' at line 1
 [ SQL语句 ] : DELETE FROM wifi_member WHERE id =

[ 2015-05-05T16:16:09+08:00 ] 140.207.54.75 /index.php/weichat/command/gh_dd8c103f67bd?signature=0c26029a70d67ae723d1a6defd2405e1bd72bf45&timestamp=1430813768&nonce=1028267707
ERR: 1146:Table 'buguniao.wifi_authlist_model' doesn't exist
 [ SQL语句 ] : SHOW COLUMNS FROM `wifi_authlist_model`
ERR: 1064:You have an error in your SQL syntax; check the manual that corresponds to your MySQL server version for the right syntax to use near '' at line 1
 [ SQL语句 ] : DELETE FROM wifi_authlist WHERE uid =
ERR: 1064:You have an error in your SQL syntax; check the manual that corresponds to your MySQL server version for the right syntax to use near '' at line 1
 [ SQL语句 ] : DELETE FROM wifi_member WHERE id =

